<?xml version="1.0" encoding="UTF-8"?>
<testng-results skipped="0" failed="0" ignored="0" total="1" passed="1">
  <reporter-output>
  </reporter-output>
  <suite name="Default suite" duration-ms="22275" started-at="2021-01-05T22:23:43 IST" finished-at="2021-01-05T22:24:05 IST">
    <groups>
      <group name="cucumber">
        <method signature="AbstractTestNGCucumberTests.runScenario(io.cucumber.testng.PickleWrapper, io.cucumber.testng.FeatureWrapper)[pri:0, instance:com.test.booking.runner.TestRunner@7a8c8dcf]" name="runScenario" class="io.cucumber.testng.AbstractTestNGCucumberTests"/>
      </group> <!-- cucumber -->
    </groups>
    <test name="Default test" duration-ms="22275" started-at="2021-01-05T22:23:43 IST" finished-at="2021-01-05T22:24:05 IST">
      <class name="com.test.booking.runner.TestRunner">
        <test-method status="PASS" signature="setUpClass()[pri:0, instance:com.test.booking.runner.TestRunner@7a8c8dcf]" name="setUpClass" is-config="true" duration-ms="823" started-at="2021-01-05T22:23:43 IST" finished-at="2021-01-05T22:23:44 IST">
          <reporter-output>
          </reporter-output>
        </test-method> <!-- setUpClass -->
        <test-method status="PASS" signature="runScenario(io.cucumber.testng.PickleWrapper, io.cucumber.testng.FeatureWrapper)[pri:0, instance:com.test.booking.runner.TestRunner@7a8c8dcf]" name="runScenario" duration-ms="21150" started-at="2021-01-05T22:23:44 IST" description="Runs Cucumber Scenarios" data-provider="scenarios" finished-at="2021-01-05T22:24:05 IST">
          <params>
            <param index="0">
              <value>
                <![CDATA["Auto population of suggested destination in search field"]]>
              </value>
            </param>
            <param index="1">
              <value>
                <![CDATA["Optional[Destination search feature]"]]>
              </value>
            </param>
          </params>
          <reporter-output>
          </reporter-output>
        </test-method> <!-- runScenario -->
        <test-method status="PASS" signature="tearDownClass()[pri:0, instance:com.test.booking.runner.TestRunner@7a8c8dcf]" name="tearDownClass" is-config="true" duration-ms="217" started-at="2021-01-05T22:24:05 IST" finished-at="2021-01-05T22:24:05 IST">
          <reporter-output>
          </reporter-output>
        </test-method> <!-- tearDownClass -->
      </class> <!-- com.test.booking.runner.TestRunner -->
    </test> <!-- Default test -->
  </suite> <!-- Default suite -->
</testng-results>
